2021-04-04 15:16:29,183 INFO 30411 [egg-schedule]: register schedule /home/wangliqiang/egg-example/node_modules/egg-multipart/app/schedule/clean_tmpdir.js
2021-04-04 15:16:29,183 INFO 30411 [egg-schedule]: register schedule /home/wangliqiang/egg-example/node_modules/egg-logrotator/app/schedule/clean_log.js
2021-04-04 15:16:29,183 INFO 30411 [egg-schedule]: register schedule /home/wangliqiang/egg-example/node_modules/egg-logrotator/app/schedule/rotate_by_file.js
2021-04-04 15:16:29,356 INFO 30399 [Timer] /home/wangliqiang/egg-example/node_modules/egg-multipart/app/schedule/clean_tmpdir.js next time will execute after 47610647ms at 2021-04-05 04:30:00.003
2021-04-04 15:16:29,356 INFO 30399 [Timer] /home/wangliqiang/egg-example/node_modules/egg-logrotator/app/schedule/clean_log.js next time will execute after 31410644ms at 2021-04-05 00:00:00.000
2021-04-04 15:16:29,356 INFO 30399 [Timer] /home/wangliqiang/egg-example/node_modules/egg-logrotator/app/schedule/rotate_by_file.js next time will execute after 31411644ms at 2021-04-05 00:00:01.000
2021-04-04 15:19:54,167 INFO 30962 [egg-schedule]: register schedule /home/wangliqiang/egg-example/node_modules/egg-multipart/app/schedule/clean_tmpdir.js
2021-04-04 15:19:54,167 INFO 30962 [egg-schedule]: register schedule /home/wangliqiang/egg-example/node_modules/egg-logrotator/app/schedule/clean_log.js
2021-04-04 15:19:54,167 INFO 30962 [egg-schedule]: register schedule /home/wangliqiang/egg-example/node_modules/egg-logrotator/app/schedule/rotate_by_file.js
2021-04-04 15:19:54,265 INFO 30939 [Timer] /home/wangliqiang/egg-example/node_modules/egg-multipart/app/schedule/clean_tmpdir.js next time will execute after 47405737ms at 2021-04-05 04:30:00.002
2021-04-04 15:19:54,266 INFO 30939 [Timer] /home/wangliqiang/egg-example/node_modules/egg-logrotator/app/schedule/clean_log.js next time will execute after 31205734ms at 2021-04-05 00:00:00.000
2021-04-04 15:19:54,266 INFO 30939 [Timer] /home/wangliqiang/egg-example/node_modules/egg-logrotator/app/schedule/rotate_by_file.js next time will execute after 31206734ms at 2021-04-05 00:00:01.000
2021-04-04 15:20:09,510 INFO 31058 [egg-schedule]: register schedule /home/wangliqiang/egg-example/node_modules/egg-multipart/app/schedule/clean_tmpdir.js
2021-04-04 15:20:09,510 INFO 31058 [egg-schedule]: register schedule /home/wangliqiang/egg-example/node_modules/egg-logrotator/app/schedule/clean_log.js
2021-04-04 15:20:09,510 INFO 31058 [egg-schedule]: register schedule /home/wangliqiang/egg-example/node_modules/egg-logrotator/app/schedule/rotate_by_file.js
2021-04-04 15:20:09,557 INFO 31059 [egg-schedule]: register schedule /home/wangliqiang/egg-example/node_modules/egg-multipart/app/schedule/clean_tmpdir.js
2021-04-04 15:20:09,557 INFO 31059 [egg-schedule]: register schedule /home/wangliqiang/egg-example/node_modules/egg-logrotator/app/schedule/clean_log.js
2021-04-04 15:20:09,557 INFO 31059 [egg-schedule]: register schedule /home/wangliqiang/egg-example/node_modules/egg-logrotator/app/schedule/rotate_by_file.js
2021-04-04 15:20:53,531 INFO 31208 [Timer] /home/wangliqiang/egg-example/node_modules/egg-multipart/app/schedule/clean_tmpdir.js next time will execute after 47346472ms at 2021-04-05 04:30:00.003
2021-04-04 15:20:53,531 INFO 31208 [Timer] /home/wangliqiang/egg-example/node_modules/egg-logrotator/app/schedule/clean_log.js next time will execute after 31146469ms at 2021-04-05 00:00:00.000
2021-04-04 15:20:53,532 INFO 31208 [Timer] /home/wangliqiang/egg-example/node_modules/egg-logrotator/app/schedule/rotate_by_file.js next time will execute after 31147469ms at 2021-04-05 00:00:01.001
2021-04-04 15:20:53,427 INFO 31219 [egg-schedule]: register schedule /home/wangliqiang/egg-example/node_modules/egg-multipart/app/schedule/clean_tmpdir.js
2021-04-04 15:20:53,427 INFO 31219 [egg-schedule]: register schedule /home/wangliqiang/egg-example/node_modules/egg-logrotator/app/schedule/clean_log.js
2021-04-04 15:20:53,427 INFO 31219 [egg-schedule]: register schedule /home/wangliqiang/egg-example/node_modules/egg-logrotator/app/schedule/rotate_by_file.js
2021-04-04 15:22:37,326 INFO 31814 [egg-schedule]: register schedule /home/wangliqiang/egg-example/node_modules/egg-multipart/app/schedule/clean_tmpdir.js
2021-04-04 15:22:37,326 INFO 31814 [egg-schedule]: register schedule /home/wangliqiang/egg-example/node_modules/egg-logrotator/app/schedule/clean_log.js
2021-04-04 15:22:37,326 INFO 31814 [egg-schedule]: register schedule /home/wangliqiang/egg-example/node_modules/egg-logrotator/app/schedule/rotate_by_file.js
2021-04-04 15:22:37,427 INFO 31794 [Timer] /home/wangliqiang/egg-example/node_modules/egg-multipart/app/schedule/clean_tmpdir.js next time will execute after 47242575ms at 2021-04-05 04:30:00.002
2021-04-04 15:22:37,428 INFO 31794 [Timer] /home/wangliqiang/egg-example/node_modules/egg-logrotator/app/schedule/clean_log.js next time will execute after 31042572ms at 2021-04-05 00:00:00.000
2021-04-04 15:22:37,428 INFO 31794 [Timer] /home/wangliqiang/egg-example/node_modules/egg-logrotator/app/schedule/rotate_by_file.js next time will execute after 31043572ms at 2021-04-05 00:00:01.000
2021-04-04 15:36:42,258 INFO 1593 [egg-schedule]: register schedule /home/wangliqiang/egg-example/node_modules/egg-multipart/app/schedule/clean_tmpdir.js
2021-04-04 15:36:42,258 INFO 1593 [egg-schedule]: register schedule /home/wangliqiang/egg-example/node_modules/egg-logrotator/app/schedule/clean_log.js
2021-04-04 15:36:42,258 INFO 1593 [egg-schedule]: register schedule /home/wangliqiang/egg-example/node_modules/egg-logrotator/app/schedule/rotate_by_file.js
2021-04-04 15:36:42,278 INFO 1594 [egg-schedule]: register schedule /home/wangliqiang/egg-example/node_modules/egg-multipart/app/schedule/clean_tmpdir.js
2021-04-04 15:36:42,278 INFO 1594 [egg-schedule]: register schedule /home/wangliqiang/egg-example/node_modules/egg-logrotator/app/schedule/clean_log.js
2021-04-04 15:36:42,278 INFO 1594 [egg-schedule]: register schedule /home/wangliqiang/egg-example/node_modules/egg-logrotator/app/schedule/rotate_by_file.js
2021-04-04 15:36:43,449 INFO 1622 [egg-schedule]: register schedule /home/wangliqiang/egg-example/node_modules/egg-multipart/app/schedule/clean_tmpdir.js
2021-04-04 15:36:43,449 INFO 1622 [egg-schedule]: register schedule /home/wangliqiang/egg-example/node_modules/egg-logrotator/app/schedule/clean_log.js
2021-04-04 15:36:43,449 INFO 1622 [egg-schedule]: register schedule /home/wangliqiang/egg-example/node_modules/egg-logrotator/app/schedule/rotate_by_file.js
2021-04-04 15:36:43,547 INFO 1627 [egg-schedule]: register schedule /home/wangliqiang/egg-example/node_modules/egg-multipart/app/schedule/clean_tmpdir.js
2021-04-04 15:36:43,547 INFO 1627 [egg-schedule]: register schedule /home/wangliqiang/egg-example/node_modules/egg-logrotator/app/schedule/clean_log.js
2021-04-04 15:36:43,547 INFO 1627 [egg-schedule]: register schedule /home/wangliqiang/egg-example/node_modules/egg-logrotator/app/schedule/rotate_by_file.js
2021-04-04 16:17:26,647 INFO 8394 [egg-schedule]: register schedule /home/wangliqiang/egg-example/node_modules/egg-multipart/app/schedule/clean_tmpdir.js
2021-04-04 16:17:26,647 INFO 8394 [egg-schedule]: register schedule /home/wangliqiang/egg-example/node_modules/egg-logrotator/app/schedule/clean_log.js
2021-04-04 16:17:26,647 INFO 8394 [egg-schedule]: register schedule /home/wangliqiang/egg-example/node_modules/egg-logrotator/app/schedule/rotate_by_file.js
2021-04-04 16:17:26,950 INFO 8393 [egg-schedule]: register schedule /home/wangliqiang/egg-example/node_modules/egg-multipart/app/schedule/clean_tmpdir.js
2021-04-04 16:17:26,950 INFO 8393 [egg-schedule]: register schedule /home/wangliqiang/egg-example/node_modules/egg-logrotator/app/schedule/clean_log.js
2021-04-04 16:17:26,950 INFO 8393 [egg-schedule]: register schedule /home/wangliqiang/egg-example/node_modules/egg-logrotator/app/schedule/rotate_by_file.js
2021-04-04 16:21:49,944 INFO 9515 [egg-schedule]: register schedule /home/wangliqiang/egg-example/node_modules/egg-multipart/app/schedule/clean_tmpdir.js
2021-04-04 16:21:49,944 INFO 9515 [egg-schedule]: register schedule /home/wangliqiang/egg-example/node_modules/egg-logrotator/app/schedule/clean_log.js
2021-04-04 16:21:49,944 INFO 9515 [egg-schedule]: register schedule /home/wangliqiang/egg-example/node_modules/egg-logrotator/app/schedule/rotate_by_file.js
2021-04-04 16:21:49,950 INFO 9516 [egg-schedule]: register schedule /home/wangliqiang/egg-example/node_modules/egg-multipart/app/schedule/clean_tmpdir.js
2021-04-04 16:21:49,950 INFO 9516 [egg-schedule]: register schedule /home/wangliqiang/egg-example/node_modules/egg-logrotator/app/schedule/clean_log.js
2021-04-04 16:21:49,950 INFO 9516 [egg-schedule]: register schedule /home/wangliqiang/egg-example/node_modules/egg-logrotator/app/schedule/rotate_by_file.js
2021-04-04 16:21:51,188 INFO 9556 [egg-schedule]: register schedule /home/wangliqiang/egg-example/node_modules/egg-multipart/app/schedule/clean_tmpdir.js
2021-04-04 16:21:51,189 INFO 9556 [egg-schedule]: register schedule /home/wangliqiang/egg-example/node_modules/egg-logrotator/app/schedule/clean_log.js
2021-04-04 16:21:51,189 INFO 9556 [egg-schedule]: register schedule /home/wangliqiang/egg-example/node_modules/egg-logrotator/app/schedule/rotate_by_file.js
2021-04-04 16:21:51,411 INFO 9551 [egg-schedule]: register schedule /home/wangliqiang/egg-example/node_modules/egg-multipart/app/schedule/clean_tmpdir.js
2021-04-04 16:21:51,411 INFO 9551 [egg-schedule]: register schedule /home/wangliqiang/egg-example/node_modules/egg-logrotator/app/schedule/clean_log.js
2021-04-04 16:21:51,411 INFO 9551 [egg-schedule]: register schedule /home/wangliqiang/egg-example/node_modules/egg-logrotator/app/schedule/rotate_by_file.js
2021-04-04 16:35:31,582 INFO 12017 [egg-schedule]: register schedule /home/wangliqiang/egg-example/node_modules/egg-multipart/app/schedule/clean_tmpdir.js
2021-04-04 16:35:31,582 INFO 12017 [egg-schedule]: register schedule /home/wangliqiang/egg-example/node_modules/egg-logrotator/app/schedule/clean_log.js
2021-04-04 16:35:31,582 INFO 12017 [egg-schedule]: register schedule /home/wangliqiang/egg-example/node_modules/egg-logrotator/app/schedule/rotate_by_file.js
2021-04-04 16:35:31,680 INFO 12016 [egg-schedule]: register schedule /home/wangliqiang/egg-example/node_modules/egg-multipart/app/schedule/clean_tmpdir.js
2021-04-04 16:35:31,680 INFO 12016 [egg-schedule]: register schedule /home/wangliqiang/egg-example/node_modules/egg-logrotator/app/schedule/clean_log.js
2021-04-04 16:35:31,680 INFO 12016 [egg-schedule]: register schedule /home/wangliqiang/egg-example/node_modules/egg-logrotator/app/schedule/rotate_by_file.js
2021-04-04 16:42:25,438 INFO 13306 [egg-schedule]: register schedule /home/wangliqiang/egg-example/node_modules/egg-multipart/app/schedule/clean_tmpdir.js
2021-04-04 16:42:25,438 INFO 13306 [egg-schedule]: register schedule /home/wangliqiang/egg-example/node_modules/egg-logrotator/app/schedule/clean_log.js
2021-04-04 16:42:25,438 INFO 13306 [egg-schedule]: register schedule /home/wangliqiang/egg-example/node_modules/egg-logrotator/app/schedule/rotate_by_file.js
2021-04-04 16:42:25,594 INFO 13307 [egg-schedule]: register schedule /home/wangliqiang/egg-example/node_modules/egg-multipart/app/schedule/clean_tmpdir.js
2021-04-04 16:42:25,594 INFO 13307 [egg-schedule]: register schedule /home/wangliqiang/egg-example/node_modules/egg-logrotator/app/schedule/clean_log.js
2021-04-04 16:42:25,594 INFO 13307 [egg-schedule]: register schedule /home/wangliqiang/egg-example/node_modules/egg-logrotator/app/schedule/rotate_by_file.js
2021-04-04 16:57:52,349 INFO 16082 [egg-schedule]: register schedule /home/wangliqiang/egg-example/node_modules/egg-multipart/app/schedule/clean_tmpdir.js
2021-04-04 16:57:52,349 INFO 16082 [egg-schedule]: register schedule /home/wangliqiang/egg-example/node_modules/egg-logrotator/app/schedule/clean_log.js
2021-04-04 16:57:52,349 INFO 16082 [egg-schedule]: register schedule /home/wangliqiang/egg-example/node_modules/egg-logrotator/app/schedule/rotate_by_file.js
2021-04-04 16:57:52,485 INFO 16083 [egg-schedule]: register schedule /home/wangliqiang/egg-example/node_modules/egg-multipart/app/schedule/clean_tmpdir.js
2021-04-04 16:57:52,485 INFO 16083 [egg-schedule]: register schedule /home/wangliqiang/egg-example/node_modules/egg-logrotator/app/schedule/clean_log.js
2021-04-04 16:57:52,485 INFO 16083 [egg-schedule]: register schedule /home/wangliqiang/egg-example/node_modules/egg-logrotator/app/schedule/rotate_by_file.js
2021-04-04 17:23:03,871 INFO 23343 [egg-schedule]: register schedule /home/wangliqiang/egg-example/node_modules/egg-multipart/app/schedule/clean_tmpdir.js
2021-04-04 17:23:03,871 INFO 23343 [egg-schedule]: register schedule /home/wangliqiang/egg-example/node_modules/egg-logrotator/app/schedule/clean_log.js
2021-04-04 17:23:03,871 INFO 23343 [egg-schedule]: register schedule /home/wangliqiang/egg-example/node_modules/egg-logrotator/app/schedule/rotate_by_file.js
2021-04-04 17:23:03,897 INFO 23342 [egg-schedule]: register schedule /home/wangliqiang/egg-example/node_modules/egg-multipart/app/schedule/clean_tmpdir.js
2021-04-04 17:23:03,897 INFO 23342 [egg-schedule]: register schedule /home/wangliqiang/egg-example/node_modules/egg-logrotator/app/schedule/clean_log.js
2021-04-04 17:23:03,897 INFO 23342 [egg-schedule]: register schedule /home/wangliqiang/egg-example/node_modules/egg-logrotator/app/schedule/rotate_by_file.js
2021-04-04 17:23:05,132 INFO 23383 [egg-schedule]: register schedule /home/wangliqiang/egg-example/node_modules/egg-multipart/app/schedule/clean_tmpdir.js
2021-04-04 17:23:05,132 INFO 23383 [egg-schedule]: register schedule /home/wangliqiang/egg-example/node_modules/egg-logrotator/app/schedule/clean_log.js
2021-04-04 17:23:05,132 INFO 23383 [egg-schedule]: register schedule /home/wangliqiang/egg-example/node_modules/egg-logrotator/app/schedule/rotate_by_file.js
2021-04-04 17:23:05,314 INFO 23382 [egg-schedule]: register schedule /home/wangliqiang/egg-example/node_modules/egg-multipart/app/schedule/clean_tmpdir.js
2021-04-04 17:23:05,314 INFO 23382 [egg-schedule]: register schedule /home/wangliqiang/egg-example/node_modules/egg-logrotator/app/schedule/clean_log.js
2021-04-04 17:23:05,314 INFO 23382 [egg-schedule]: register schedule /home/wangliqiang/egg-example/node_modules/egg-logrotator/app/schedule/rotate_by_file.js
2021-04-04 17:32:34,841 INFO 4241 [egg-schedule]: register schedule /home/wangliqiang/egg-example/node_modules/egg-multipart/app/schedule/clean_tmpdir.js
2021-04-04 17:32:34,841 INFO 4241 [egg-schedule]: register schedule /home/wangliqiang/egg-example/node_modules/egg-logrotator/app/schedule/clean_log.js
2021-04-04 17:32:34,841 INFO 4241 [egg-schedule]: register schedule /home/wangliqiang/egg-example/node_modules/egg-logrotator/app/schedule/rotate_by_file.js
2021-04-04 17:32:35,048 INFO 4231 [Timer] /home/wangliqiang/egg-example/node_modules/egg-multipart/app/schedule/clean_tmpdir.js next time will execute after 39444955ms at 2021-04-05 04:30:00.003
2021-04-04 17:32:35,048 INFO 4231 [Timer] /home/wangliqiang/egg-example/node_modules/egg-logrotator/app/schedule/clean_log.js next time will execute after 23244952ms at 2021-04-05 00:00:00.000
2021-04-04 17:32:35,049 INFO 4231 [Timer] /home/wangliqiang/egg-example/node_modules/egg-logrotator/app/schedule/rotate_by_file.js next time will execute after 23245952ms at 2021-04-05 00:00:01.001
2021-04-04 17:33:11,993 INFO 4361 [Timer] /home/wangliqiang/egg-example/node_modules/egg-multipart/app/schedule/clean_tmpdir.js next time will execute after 39408010ms at 2021-04-05 04:30:00.003
2021-04-04 17:33:11,993 INFO 4361 [Timer] /home/wangliqiang/egg-example/node_modules/egg-logrotator/app/schedule/clean_log.js next time will execute after 23208007ms at 2021-04-05 00:00:00.000
2021-04-04 17:33:11,994 INFO 4361 [Timer] /home/wangliqiang/egg-example/node_modules/egg-logrotator/app/schedule/rotate_by_file.js next time will execute after 23209007ms at 2021-04-05 00:00:01.001
2021-04-04 17:33:11,896 INFO 4371 [egg-schedule]: register schedule /home/wangliqiang/egg-example/node_modules/egg-multipart/app/schedule/clean_tmpdir.js
2021-04-04 17:33:11,896 INFO 4371 [egg-schedule]: register schedule /home/wangliqiang/egg-example/node_modules/egg-logrotator/app/schedule/clean_log.js
2021-04-04 17:33:11,896 INFO 4371 [egg-schedule]: register schedule /home/wangliqiang/egg-example/node_modules/egg-logrotator/app/schedule/rotate_by_file.js
2021-04-04 17:34:41,299 INFO 5106 [egg-schedule]: register schedule /home/wangliqiang/egg-example/node_modules/egg-multipart/app/schedule/clean_tmpdir.js
2021-04-04 17:34:41,299 INFO 5106 [egg-schedule]: register schedule /home/wangliqiang/egg-example/node_modules/egg-logrotator/app/schedule/clean_log.js
2021-04-04 17:34:41,299 INFO 5106 [egg-schedule]: register schedule /home/wangliqiang/egg-example/node_modules/egg-logrotator/app/schedule/rotate_by_file.js
2021-04-04 17:34:41,408 INFO 5088 [Timer] /home/wangliqiang/egg-example/node_modules/egg-multipart/app/schedule/clean_tmpdir.js next time will execute after 39318595ms at 2021-04-05 04:30:00.003
2021-04-04 17:34:41,408 INFO 5088 [Timer] /home/wangliqiang/egg-example/node_modules/egg-logrotator/app/schedule/clean_log.js next time will execute after 23118592ms at 2021-04-05 00:00:00.000
2021-04-04 17:34:41,408 INFO 5088 [Timer] /home/wangliqiang/egg-example/node_modules/egg-logrotator/app/schedule/rotate_by_file.js next time will execute after 23119592ms at 2021-04-05 00:00:01.000
2021-04-04 17:35:06,952 INFO 5274 [egg-schedule]: register schedule /home/wangliqiang/egg-example/node_modules/egg-multipart/app/schedule/clean_tmpdir.js
2021-04-04 17:35:06,952 INFO 5274 [egg-schedule]: register schedule /home/wangliqiang/egg-example/node_modules/egg-logrotator/app/schedule/clean_log.js
2021-04-04 17:35:06,952 INFO 5274 [egg-schedule]: register schedule /home/wangliqiang/egg-example/node_modules/egg-logrotator/app/schedule/rotate_by_file.js
2021-04-04 17:35:07,106 INFO 5273 [egg-schedule]: register schedule /home/wangliqiang/egg-example/node_modules/egg-multipart/app/schedule/clean_tmpdir.js
2021-04-04 17:35:07,106 INFO 5273 [egg-schedule]: register schedule /home/wangliqiang/egg-example/node_modules/egg-logrotator/app/schedule/clean_log.js
2021-04-04 17:35:07,106 INFO 5273 [egg-schedule]: register schedule /home/wangliqiang/egg-example/node_modules/egg-logrotator/app/schedule/rotate_by_file.js
2021-04-04 17:35:33,287 INFO 5435 [egg-schedule]: register schedule /home/wangliqiang/egg-example/node_modules/egg-multipart/app/schedule/clean_tmpdir.js
2021-04-04 17:35:33,287 INFO 5435 [egg-schedule]: register schedule /home/wangliqiang/egg-example/node_modules/egg-logrotator/app/schedule/clean_log.js
2021-04-04 17:35:33,287 INFO 5435 [egg-schedule]: register schedule /home/wangliqiang/egg-example/node_modules/egg-logrotator/app/schedule/rotate_by_file.js
2021-04-04 17:35:33,300 INFO 5436 [egg-schedule]: register schedule /home/wangliqiang/egg-example/node_modules/egg-multipart/app/schedule/clean_tmpdir.js
2021-04-04 17:35:33,300 INFO 5436 [egg-schedule]: register schedule /home/wangliqiang/egg-example/node_modules/egg-logrotator/app/schedule/clean_log.js
2021-04-04 17:35:33,300 INFO 5436 [egg-schedule]: register schedule /home/wangliqiang/egg-example/node_modules/egg-logrotator/app/schedule/rotate_by_file.js
2021-04-04 17:36:29,729 INFO 5786 [egg-schedule]: register schedule /home/wangliqiang/egg-example/node_modules/egg-multipart/app/schedule/clean_tmpdir.js
2021-04-04 17:36:29,729 INFO 5786 [egg-schedule]: register schedule /home/wangliqiang/egg-example/node_modules/egg-logrotator/app/schedule/clean_log.js
2021-04-04 17:36:29,729 INFO 5786 [egg-schedule]: register schedule /home/wangliqiang/egg-example/node_modules/egg-logrotator/app/schedule/rotate_by_file.js
2021-04-04 17:36:29,807 INFO 5787 [egg-schedule]: register schedule /home/wangliqiang/egg-example/node_modules/egg-multipart/app/schedule/clean_tmpdir.js
2021-04-04 17:36:29,807 INFO 5787 [egg-schedule]: register schedule /home/wangliqiang/egg-example/node_modules/egg-logrotator/app/schedule/clean_log.js
2021-04-04 17:36:29,807 INFO 5787 [egg-schedule]: register schedule /home/wangliqiang/egg-example/node_modules/egg-logrotator/app/schedule/rotate_by_file.js
2021-04-04 17:38:01,509 INFO 6284 [egg-schedule]: register schedule /home/wangliqiang/egg-example/node_modules/egg-multipart/app/schedule/clean_tmpdir.js
2021-04-04 17:38:01,509 INFO 6284 [egg-schedule]: register schedule /home/wangliqiang/egg-example/node_modules/egg-logrotator/app/schedule/clean_log.js
2021-04-04 17:38:01,509 INFO 6284 [egg-schedule]: register schedule /home/wangliqiang/egg-example/node_modules/egg-logrotator/app/schedule/rotate_by_file.js
2021-04-04 17:38:01,781 INFO 6285 [egg-schedule]: register schedule /home/wangliqiang/egg-example/node_modules/egg-multipart/app/schedule/clean_tmpdir.js
2021-04-04 17:38:01,781 INFO 6285 [egg-schedule]: register schedule /home/wangliqiang/egg-example/node_modules/egg-logrotator/app/schedule/clean_log.js
2021-04-04 17:38:01,781 INFO 6285 [egg-schedule]: register schedule /home/wangliqiang/egg-example/node_modules/egg-logrotator/app/schedule/rotate_by_file.js
2021-04-04 17:38:27,613 INFO 6478 [egg-schedule]: register schedule /home/wangliqiang/egg-example/node_modules/egg-multipart/app/schedule/clean_tmpdir.js
2021-04-04 17:38:27,613 INFO 6478 [egg-schedule]: register schedule /home/wangliqiang/egg-example/node_modules/egg-logrotator/app/schedule/clean_log.js
2021-04-04 17:38:27,613 INFO 6478 [egg-schedule]: register schedule /home/wangliqiang/egg-example/node_modules/egg-logrotator/app/schedule/rotate_by_file.js
2021-04-04 17:38:27,674 INFO 6477 [egg-schedule]: register schedule /home/wangliqiang/egg-example/node_modules/egg-multipart/app/schedule/clean_tmpdir.js
2021-04-04 17:38:27,674 INFO 6477 [egg-schedule]: register schedule /home/wangliqiang/egg-example/node_modules/egg-logrotator/app/schedule/clean_log.js
2021-04-04 17:38:27,674 INFO 6477 [egg-schedule]: register schedule /home/wangliqiang/egg-example/node_modules/egg-logrotator/app/schedule/rotate_by_file.js
2021-04-04 17:47:34,862 INFO 11238 [egg-schedule]: register schedule /home/wangliqiang/egg-example/node_modules/egg-multipart/app/schedule/clean_tmpdir.js
2021-04-04 17:47:34,862 INFO 11238 [egg-schedule]: register schedule /home/wangliqiang/egg-example/node_modules/egg-logrotator/app/schedule/clean_log.js
2021-04-04 17:47:34,862 INFO 11238 [egg-schedule]: register schedule /home/wangliqiang/egg-example/node_modules/egg-logrotator/app/schedule/rotate_by_file.js
2021-04-04 17:47:34,917 INFO 11237 [egg-schedule]: register schedule /home/wangliqiang/egg-example/node_modules/egg-multipart/app/schedule/clean_tmpdir.js
2021-04-04 17:47:34,917 INFO 11237 [egg-schedule]: register schedule /home/wangliqiang/egg-example/node_modules/egg-logrotator/app/schedule/clean_log.js
2021-04-04 17:47:34,917 INFO 11237 [egg-schedule]: register schedule /home/wangliqiang/egg-example/node_modules/egg-logrotator/app/schedule/rotate_by_file.js
2021-04-04 17:47:36,191 INFO 11296 [egg-schedule]: register schedule /home/wangliqiang/egg-example/node_modules/egg-multipart/app/schedule/clean_tmpdir.js
2021-04-04 17:47:36,191 INFO 11296 [egg-schedule]: register schedule /home/wangliqiang/egg-example/node_modules/egg-logrotator/app/schedule/clean_log.js
2021-04-04 17:47:36,191 INFO 11296 [egg-schedule]: register schedule /home/wangliqiang/egg-example/node_modules/egg-logrotator/app/schedule/rotate_by_file.js
2021-04-04 17:47:36,211 INFO 11301 [egg-schedule]: register schedule /home/wangliqiang/egg-example/node_modules/egg-multipart/app/schedule/clean_tmpdir.js
2021-04-04 17:47:36,211 INFO 11301 [egg-schedule]: register schedule /home/wangliqiang/egg-example/node_modules/egg-logrotator/app/schedule/clean_log.js
2021-04-04 17:47:36,211 INFO 11301 [egg-schedule]: register schedule /home/wangliqiang/egg-example/node_modules/egg-logrotator/app/schedule/rotate_by_file.js
